  imgui.cpp
  imgui_draw.cpp
  imgui_impl_dx11.cpp
  imgui_impl_win32.cpp
  imgui_tables.cpp
  imgui_widgets.cpp
/imgui/imgui.cpp(1,1): error C1083: Cannot open source file: 'imgui\imgui.cpp': No such file or directory
  (compiling source file '/imgui/imgui.cpp')
  
/imgui/imgui_draw.cpp(1,1): error C1083: Cannot open source file: 'imgui\imgui_draw.cpp': No such file or directory
  (compiling source file '/imgui/imgui_draw.cpp')
  
/imgui/imgui_impl_dx11.cpp(1,1): error C1083: Cannot open source file: 'imgui\imgui_impl_dx11.cpp': No such file or directory
  (compiling source file '/imgui/imgui_impl_dx11.cpp')
  
/imgui/imgui_impl_win32.cpp(1,1): error C1083: Cannot open source file: 'imgui\imgui_impl_win32.cpp': No such file or directory
  (compiling source file '/imgui/imgui_impl_win32.cpp')
  
/imgui/imgui_tables.cpp(1,1): error C1083: Cannot open source file: 'imgui\imgui_tables.cpp': No such file or directory
  (compiling source file '/imgui/imgui_tables.cpp')
  
/imgui/imgui_widgets.cpp(1,1): error C1083: Cannot open source file: 'imgui\imgui_widgets.cpp': No such file or directory
  (compiling source file '/imgui/imgui_widgets.cpp')
  
  main.cpp
C:\Users\yanth\source\repos\Forkcast\src\mainFunctions.h(16,29): warning C4244: 'argument': conversion from 'time_t' to 'unsigned int', possible loss of data
  (compiling source file 'main.cpp')
  
  Generating Code...
