c:\users\yanth\onedrive\desktop\forkcast-main\forkcast\x64\debug\vc143.pdb
c:\users\yanth\onedrive\desktop\forkcast-main\forkcast\x64\debug\vc143.idb
c:\users\yanth\onedrive\desktop\forkcast-main\forkcast\x64\debug\main.obj
c:\users\yanth\onedrive\desktop\forkcast-main\forkcast\x64\debug\imgui_widgets.obj
c:\users\yanth\onedrive\desktop\forkcast-main\forkcast\x64\debug\imgui_tables.obj
c:\users\yanth\onedrive\desktop\forkcast-main\forkcast\x64\debug\imgui_impl_win32.obj
c:\users\yanth\onedrive\desktop\forkcast-main\forkcast\x64\debug\imgui_impl_dx11.obj
c:\users\yanth\onedrive\desktop\forkcast-main\forkcast\x64\debug\imgui_draw.obj
c:\users\yanth\onedrive\desktop\forkcast-main\forkcast\x64\debug\imgui.obj
c:\users\yanth\onedrive\desktop\forkcast-main\x64\debug\forkcast.exe
c:\users\yanth\onedrive\desktop\forkcast-main\x64\debug\forkcast.pdb
c:\users\yanth\onedrive\desktop\forkcast-main\forkcast\x64\debug\forkcast.ilk
c:\users\yanth\onedrive\desktop\forkcast-main\forkcast\x64\debug\forkcast.pdb
c:\users\yanth\onedrive\desktop\forkcast-main\forkcast\x64\debug\forkcast.tlog\cl.command.1.tlog
c:\users\yanth\onedrive\desktop\forkcast-main\forkcast\x64\debug\forkcast.tlog\cl.items.tlog
c:\users\yanth\onedrive\desktop\forkcast-main\forkcast\x64\debug\forkcast.tlog\cl.read.1.tlog
c:\users\yanth\onedrive\desktop\forkcast-main\forkcast\x64\debug\forkcast.tlog\cl.write.1.tlog
c:\users\yanth\onedrive\desktop\forkcast-main\forkcast\x64\debug\forkcast.tlog\link.command.1.tlog
c:\users\yanth\onedrive\desktop\forkcast-main\forkcast\x64\debug\forkcast.tlog\link.read.1.tlog
c:\users\yanth\onedrive\desktop\forkcast-main\forkcast\x64\debug\forkcast.tlog\link.read.2.tlog
c:\users\yanth\onedrive\desktop\forkcast-main\forkcast\x64\debug\forkcast.tlog\link.secondary.1.tlog
c:\users\yanth\onedrive\desktop\forkcast-main\forkcast\x64\debug\forkcast.tlog\link.write.1.tlog
